Added Component: Designator=X2(HEADER_1X1)
Add component. Clean all parameters for all variants
Add component (AddParameter): Name = "Validação"; Value = ""; VariantName = "[No Variations]"
Add component (AddParameter): Name = "Value"; Value = "?"; VariantName = "[No Variations]"
Added Component: Designator=X3(HEADER_1X1)
Add component. Clean all parameters for all variants
Add component (AddParameter): Name = "Validação"; Value = ""; VariantName = "[No Variations]"
Add component (AddParameter): Name = "Value"; Value = "?"; VariantName = "[No Variations]"
Added Component: Designator=X4(HEADER_1X1)
Add component. Clean all parameters for all variants
Add component (AddParameter): Name = "Validação"; Value = ""; VariantName = "[No Variations]"
Add component (AddParameter): Name = "Value"; Value = "?"; VariantName = "[No Variations]"
Added Component: Designator=X5(HEADER_1X1)
Add component. Clean all parameters for all variants
Add component (AddParameter): Name = "Validação"; Value = ""; VariantName = "[No Variations]"
Add component (AddParameter): Name = "Value"; Value = "?"; VariantName = "[No Variations]"
Added Pin To Net: NetName=T1_fase Pin=X2-1
Added Pin To Net: NetName=T2_fase Pin=X3-1
Added Pin To Net: NetName=T3_fase Pin=X4-1
Added Pin To Net: NetName=T4_fase Pin=X5-1
Added Member To Class: ClassName=rele_Sheet Member=Component * LED_AXIAL_3MM
Added Member To Class: ClassName=rele_Sheet Member=Component * LED_AXIAL_3MM
Added Member To Class: ClassName=rele_Sheet Member=Component * LED_AXIAL_3MM
Added Member To Class: ClassName=rele_Sheet Member=Component X2 HEADER_1X1
Added Member To Class: ClassName=rele_Sheet Member=Component X3 HEADER_1X1
Added Member To Class: ClassName=rele_Sheet Member=Component X4 HEADER_1X1
Added Member To Class: ClassName=rele_Sheet Member=Component X5 HEADER_1X1
